Using pre-set license
Built from '2020.3/staging' branch; Version is '2020.3.6f1 (338bb68529b2) revision 3378102'; Using compiler version '192528614'; Build Type 'Release'
OS: 'Windows 10 Home; OS build 19042.985; Version 2009; 64bit' Language: 'ko' Physical Memory: 16330 MB
BatchMode: 1, IsHumanControllingUs: 0, StartBugReporterOnCrash: 0, Is64bit: 1, IsPro: 0

 COMMAND LINE ARGUMENTS:
C:\Program Files\Unity\Hub\Editor\2020.3.6f1\Editor\Unity.exe
-adb2
-batchMode
-noUpm
-name
AssetImportWorker0
-projectPath
C:/Unity_Save/VR_Study
-logFile
Logs/AssetImportWorker0.log
-srvPort
57380
Successfully changed project path to: C:/Unity_Save/VR_Study
C:/Unity_Save/VR_Study
Using Asset Import Pipeline V2.
Refreshing native plugins compatible for Editor in 24.57 ms, found 3 plugins.
Preloading 1 native plugins for Editor in 0.57 ms.
Initialize engine version: 2020.3.6f1 (338bb68529b2)
[Subsystems] Discovering subsystems at path C:/Program Files/Unity/Hub/Editor/2020.3.6f1/Editor/Data/Resources/UnitySubsystems
[Subsystems] Discovering subsystems at path C:/Unity_Save/VR_Study/Assets
GfxDevice: creating device client; threaded=0
Direct3D:
    Version:  Direct3D 11.0 [level 11.1]
    Renderer: NVIDIA GeForce RTX 3080 (ID=0x2206)
    Vendor:   
    VRAM:     10077 MB
    Driver:   27.21.14.6627
Initialize mono
Mono path[0] = 'C:/Program Files/Unity/Hub/Editor/2020.3.6f1/Editor/Data/Managed'
Mono path[1] = 'C:/Program Files/Unity/Hub/Editor/2020.3.6f1/Editor/Data/MonoBleedingEdge/lib/mono/unityjit'
Mono config path = 'C:/Program Files/Unity/Hub/Editor/2020.3.6f1/Editor/Data/MonoBleedingEdge/etc'
Using monoOptions --debugger-agent=transport=dt_socket,embedding=1,server=y,suspend=n,address=127.0.0.1:56768
Begin MonoManager ReloadAssembly
Registering precompiled unity dll's ...
Register platform support module: C:/Program Files/Unity/Hub/Editor/2020.3.6f1/Editor/Data/PlaybackEngines/WindowsStandaloneSupport/UnityEditor.WindowsStandalone.Extensions.dll
Registered in 0.001130 seconds.
Native extension for WindowsStandalone target not found
Refreshing native plugins compatible for Editor in 23.71 ms, found 3 plugins.
Preloading 1 native plugins for Editor in 0.06 ms.
Mono: successfully reloaded assembly
- Completed reload, in  1.109 seconds
Platform modules already initialized, skipping
Registering precompiled user dll's ...
Registered in 0.001093 seconds.
Begin MonoManager ReloadAssembly
Native extension for WindowsStandalone target not found
Refreshing native plugins compatible for Editor in 24.04 ms, found 3 plugins.
Preloading 1 native plugins for Editor in 0.07 ms.
[XR] OculusXRPlugin: registering subsystems
[XR] Unable to register display lifecyle provider: [1]
[XR] Oculus Input lifecycle provider registered.
[XR] Unable to register input lifecyle provider: [1]
NullReferenceException: Object reference not set to an instance of an object
  at Unity.XR.Oculus.OculusLoader.AssetPathToAbsolutePath (System.String assetPath) [0x00048] in C:\Unity_Save\VR_Study\Library\PackageCache\com.unity.xr.oculus@1.9.0\Runtime\OculusLoader.cs:249 
  at Unity.XR.Oculus.OculusLoader.EditorLoadOVRPlugin () [0x0007b] in C:\Unity_Save\VR_Study\Library\PackageCache\com.unity.xr.oculus@1.9.0\Runtime\OculusLoader.cs:234 

(Filename: Library/PackageCache/com.unity.xr.oculus@1.9.0/Runtime/OculusLoader.cs Line: 249)

Mono: successfully reloaded assembly
- Completed reload, in  0.643 seconds
Platform modules already initialized, skipping
========================================================================
Worker process is ready to serve import requests
Launched and connected shader compiler UnityShaderCompiler.exe after 0.03 seconds
Refreshing native plugins compatible for Editor in 0.32 ms, found 3 plugins.
Preloading 1 native plugins for Editor in 0.06 ms.
Unloading 1659 Unused Serialized files (Serialized files now loaded: 0)
System memory in use before: 80.7 MB.
System memory in use after: 80.7 MB.

Unloading 13 unused Assets to reduce memory usage. Loaded Objects now: 2111.
Total: 1.732700 ms (FindLiveObjects: 0.174200 ms CreateObjectMapping: 0.069500 ms MarkObjects: 1.430400 ms  DeleteObjects: 0.057700 ms)

========================================================================
Received Import Request.
  path: Assets/Import Package/Monster/MonsterAnim.controller
  artifactKey: Guid(138fde950d92244418a3e5f18fc42655) Importer(815301076,1909f56bfc062723c751e8b465ee728b)
Start importing Assets/Import Package/Monster/MonsterAnim.controller using Guid(138fde950d92244418a3e5f18fc42655) Importer(815301076,1909f56bfc062723c751e8b465ee728b)  -> (artifact id: '2c3a3e3e15fde562fcc2a784b268a4df') in 0.022207 seconds
  Import took 0.024604 seconds .

========================================================================
Received Import Request.
  Time since last request: 848.714493 seconds.
  path: Assets/Import Package/Sword_Scabbard/Demo_Scene.unity
  artifactKey: Guid(76cc733b9f001f540bfb2a336443beba) Importer(815301076,1909f56bfc062723c751e8b465ee728b)
Start importing Assets/Import Package/Sword_Scabbard/Demo_Scene.unity using Guid(76cc733b9f001f540bfb2a336443beba) Importer(815301076,1909f56bfc062723c751e8b465ee728b)  -> (artifact id: '1e3a9f907ae6e6c758fbee77771c4d7a') in 0.006534 seconds
  Import took 0.008848 seconds .

========================================================================
Received Import Request.
  Time since last request: 3.425766 seconds.
  path: Assets/Import Package/Sword_Scabbard/Demo_SceneSettings.lighting
  artifactKey: Guid(7e28d1ba342413446a1c1750e45b63f9) Importer(815301076,1909f56bfc062723c751e8b465ee728b)
Start importing Assets/Import Package/Sword_Scabbard/Demo_SceneSettings.lighting using Guid(7e28d1ba342413446a1c1750e45b63f9) Importer(815301076,1909f56bfc062723c751e8b465ee728b) LightingSettings: switching bake backend from 1 to 0.
 -> (artifact id: 'f5f96f5981dcb795ceda3e148de40889') in 0.006350 seconds
  Import took 0.008360 seconds .

========================================================================
Received Import Request.
  Time since last request: 0.003576 seconds.
  path: Assets/Import Package/Sword_Scabbard/Demo_SceneSettings.lighting
  artifactKey: Guid(7e28d1ba342413446a1c1750e45b63f9) Importer(815301076,1909f56bfc062723c751e8b465ee728b)
Start importing Assets/Import Package/Sword_Scabbard/Demo_SceneSettings.lighting using Guid(7e28d1ba342413446a1c1750e45b63f9) Importer(815301076,1909f56bfc062723c751e8b465ee728b) LightingSettings: switching bake backend from 1 to 0.
 -> (artifact id: 'f5f96f5981dcb795ceda3e148de40889') in 0.001610 seconds
  Import took 0.003272 seconds .

========================================================================
Received Import Request.
  Time since last request: 18.791247 seconds.
  path: Assets/Import Package/Sword_Scabbard/Prefab
  artifactKey: Guid(f87f16702f95fc84b8a146e128db55e3) Importer(815301076,1909f56bfc062723c751e8b465ee728b)
Start importing Assets/Import Package/Sword_Scabbard/Prefab using Guid(f87f16702f95fc84b8a146e128db55e3) Importer(815301076,1909f56bfc062723c751e8b465ee728b)  -> (artifact id: '31e916b38405364b044ee4ccb0737b32') in 0.004755 seconds
  Import took 0.006658 seconds .

========================================================================
Received Import Request.
  Time since last request: 287.736274 seconds.
  path: ProjectSettings/TagManager.asset
  artifactKey: Guid(00000000000000003000000000000000) Importer(815301076,1909f56bfc062723c751e8b465ee728b)
Start importing ProjectSettings/TagManager.asset using Guid(00000000000000003000000000000000) Importer(815301076,1909f56bfc062723c751e8b465ee728b)  -> (artifact id: 'f4f37e392bc35e92f8a3887a570f2478') in 0.009155 seconds
  Import took 0.011459 seconds .

========================================================================
Received Import Request.
  Time since last request: 68.727767 seconds.
  path: Assets/Import Package/Sword_Scabbard/My Sword Hit 1 by freefire66 Id-175949 2.wav
  artifactKey: Guid(4b668091a97d8b4448ac7474d32f2280) Importer(815301076,1909f56bfc062723c751e8b465ee728b)
Start importing Assets/Import Package/Sword_Scabbard/My Sword Hit 1 by freefire66 Id-175949 2.wav using Guid(4b668091a97d8b4448ac7474d32f2280) Importer(815301076,1909f56bfc062723c751e8b465ee728b)  -> (artifact id: 'fce574e3546176301561eeba6e43647f') in 0.057680 seconds
  Import took 0.059756 seconds .

========================================================================
Received Import Request.
  Time since last request: 2.962281 seconds.
  path: Assets/Import Package/Sword_Scabbard/Swish_13 fast mid.wav
  artifactKey: Guid(3701a12d39fbdaa41b9474160c2c020a) Importer(815301076,1909f56bfc062723c751e8b465ee728b)
Start importing Assets/Import Package/Sword_Scabbard/Swish_13 fast mid.wav using Guid(3701a12d39fbdaa41b9474160c2c020a) Importer(815301076,1909f56bfc062723c751e8b465ee728b)  -> (artifact id: 'bf4339e89b54d3b12e4edf1664fec53f') in 0.009494 seconds
  Import took 0.011679 seconds .

========================================================================
Received Import Request.
  Time since last request: 88.161122 seconds.
  path: Assets/Scripts/Sword.cs
  artifactKey: Guid(0690f63990acf5e40ac223e3e3e2d03a) Importer(815301076,1909f56bfc062723c751e8b465ee728b)
Start importing Assets/Scripts/Sword.cs using Guid(0690f63990acf5e40ac223e3e3e2d03a) Importer(815301076,1909f56bfc062723c751e8b465ee728b)  -> (artifact id: 'df2d68aefafa47cb71054ebf554ed91d') in 0.008597 seconds
  Import took 0.010728 seconds .

========================================================================
Received Import Request.
  Time since last request: 0.000815 seconds.
  path: Assets/Scripts/Sword.cs
  artifactKey: Guid(0690f63990acf5e40ac223e3e3e2d03a) Importer(815301076,1909f56bfc062723c751e8b465ee728b)
Start importing Assets/Scripts/Sword.cs using Guid(0690f63990acf5e40ac223e3e3e2d03a) Importer(815301076,1909f56bfc062723c751e8b465ee728b)  -> (artifact id: 'df2d68aefafa47cb71054ebf554ed91d') in 0.001329 seconds
  Import took 0.002994 seconds .

========================================================================
Received Prepare
Registering precompiled user dll's ...
Registered in 0.144702 seconds.
Begin MonoManager ReloadAssembly
Native extension for WindowsStandalone target not found
Refreshing native plugins compatible for Editor in 0.33 ms, found 3 plugins.
Preloading 1 native plugins for Editor in 0.10 ms.
NullReferenceException: Object reference not set to an instance of an object
  at Unity.XR.Oculus.OculusLoader.AssetPathToAbsolutePath (System.String assetPath) [0x00048] in C:\Unity_Save\VR_Study\Library\PackageCache\com.unity.xr.oculus@1.9.0\Runtime\OculusLoader.cs:249 
  at Unity.XR.Oculus.OculusLoader.EditorLoadOVRPlugin () [0x0007b] in C:\Unity_Save\VR_Study\Library\PackageCache\com.unity.xr.oculus@1.9.0\Runtime\OculusLoader.cs:234 

(Filename: Library/PackageCache/com.unity.xr.oculus@1.9.0/Runtime/OculusLoader.cs Line: 249)

Mono: successfully reloaded assembly
- Completed reload, in  0.584 seconds
Platform modules already initialized, skipping
Switching build target platform(5) subTarget(0) extendedPlatform(0) -> platform(13) subTarget(524288) extendedPlatform(0)
Refreshing native plugins compatible for Editor in 0.34 ms, found 3 plugins.
Preloading 1 native plugins for Editor in 0.06 ms.
Unloading 1646 Unused Serialized files (Serialized files now loaded: 0)
System memory in use before: 83.5 MB.
System memory in use after: 83.5 MB.

Unloading 7 unused Assets to reduce memory usage. Loaded Objects now: 2125.
Total: 1.607800 ms (FindLiveObjects: 0.146200 ms CreateObjectMapping: 0.039400 ms MarkObjects: 1.382100 ms  DeleteObjects: 0.039500 ms)

AssetImportParameters requested are different than current active one (requested -> active):
  custom:graphics/normal-map-encoding: 01000000000000000000000000000000 -> 02000000000000000000000000000000
========================================================================
Received Prepare
Registering precompiled user dll's ...
Registered in 0.001853 seconds.
Begin MonoManager ReloadAssembly
Native extension for WindowsStandalone target not found
Refreshing native plugins compatible for Editor in 0.33 ms, found 3 plugins.
Preloading 1 native plugins for Editor in 0.07 ms.
NullReferenceException: Object reference not set to an instance of an object
  at Unity.XR.Oculus.OculusLoader.AssetPathToAbsolutePath (System.String assetPath) [0x00048] in C:\Unity_Save\VR_Study\Library\PackageCache\com.unity.xr.oculus@1.9.0\Runtime\OculusLoader.cs:249 
  at Unity.XR.Oculus.OculusLoader.EditorLoadOVRPlugin () [0x0007b] in C:\Unity_Save\VR_Study\Library\PackageCache\com.unity.xr.oculus@1.9.0\Runtime\OculusLoader.cs:234 

(Filename: Library/PackageCache/com.unity.xr.oculus@1.9.0/Runtime/OculusLoader.cs Line: 249)

Mono: successfully reloaded assembly
- Completed reload, in  0.574 seconds
Platform modules already initialized, skipping
Switching build target platform(5) subTarget(0) extendedPlatform(0) -> platform(13) subTarget(524288) extendedPlatform(0)
Refreshing native plugins compatible for Editor in 0.32 ms, found 3 plugins.
Preloading 1 native plugins for Editor in 0.06 ms.
Unloading 1646 Unused Serialized files (Serialized files now loaded: 0)
System memory in use before: 83.5 MB.
System memory in use after: 83.6 MB.

Unloading 6 unused Assets to reduce memory usage. Loaded Objects now: 2129.
Total: 1.728200 ms (FindLiveObjects: 0.150100 ms CreateObjectMapping: 0.042200 ms MarkObjects: 1.505200 ms  DeleteObjects: 0.029900 ms)

AssetImportParameters requested are different than current active one (requested -> active):
  custom:graphics/normal-map-encoding: 01000000000000000000000000000000 -> 02000000000000000000000000000000
========================================================================
Received Prepare
Refreshing native plugins compatible for Editor in 0.71 ms, found 3 plugins.
Preloading 1 native plugins for Editor in 0.06 ms.
Unloading 3 Unused Serialized files (Serialized files now loaded: 0)
System memory in use before: 51.1 MB.
System memory in use after: 51.2 MB.

Unloading 3 unused Assets to reduce memory usage. Loaded Objects now: 2129.
Total: 1.735400 ms (FindLiveObjects: 0.166200 ms CreateObjectMapping: 0.053900 ms MarkObjects: 1.477900 ms  DeleteObjects: 0.036700 ms)

========================================================================
Received Prepare
Refreshing native plugins compatible for Editor in 0.73 ms, found 3 plugins.
Preloading 1 native plugins for Editor in 0.06 ms.
Unloading 3 Unused Serialized files (Serialized files now loaded: 0)
System memory in use before: 51.1 MB.
System memory in use after: 51.2 MB.

Unloading 3 unused Assets to reduce memory usage. Loaded Objects now: 2129.
Total: 2.073600 ms (FindLiveObjects: 0.213300 ms CreateObjectMapping: 0.079400 ms MarkObjects: 1.740700 ms  DeleteObjects: 0.039200 ms)

========================================================================
Received Prepare
Registering precompiled user dll's ...
Registered in 0.001143 seconds.
Begin MonoManager ReloadAssembly
Native extension for WindowsStandalone target not found
Refreshing native plugins compatible for Editor in 0.32 ms, found 3 plugins.
Preloading 1 native plugins for Editor in 0.07 ms.
NullReferenceException: Object reference not set to an instance of an object
  at Unity.XR.Oculus.OculusLoader.AssetPathToAbsolutePath (System.String assetPath) [0x00048] in C:\Unity_Save\VR_Study\Library\PackageCache\com.unity.xr.oculus@1.9.0\Runtime\OculusLoader.cs:249 
  at Unity.XR.Oculus.OculusLoader.EditorLoadOVRPlugin () [0x0007b] in C:\Unity_Save\VR_Study\Library\PackageCache\com.unity.xr.oculus@1.9.0\Runtime\OculusLoader.cs:234 

(Filename: Library/PackageCache/com.unity.xr.oculus@1.9.0/Runtime/OculusLoader.cs Line: 249)

Mono: successfully reloaded assembly
- Completed reload, in  0.545 seconds
Platform modules already initialized, skipping
Switching build target platform(5) subTarget(0) extendedPlatform(0) -> platform(13) subTarget(524288) extendedPlatform(0)
Refreshing native plugins compatible for Editor in 0.31 ms, found 3 plugins.
Preloading 1 native plugins for Editor in 0.06 ms.
Unloading 1646 Unused Serialized files (Serialized files now loaded: 0)
System memory in use before: 83.5 MB.
System memory in use after: 83.6 MB.

Unloading 6 unused Assets to reduce memory usage. Loaded Objects now: 2133.
Total: 2.098000 ms (FindLiveObjects: 0.144700 ms CreateObjectMapping: 0.044300 ms MarkObjects: 1.874400 ms  DeleteObjects: 0.033700 ms)

AssetImportParameters requested are different than current active one (requested -> active):
  custom:graphics/normal-map-encoding: 01000000000000000000000000000000 -> 02000000000000000000000000000000
========================================================================
Received Prepare
Registering precompiled user dll's ...
Registered in 0.001157 seconds.
Begin MonoManager ReloadAssembly
Native extension for WindowsStandalone target not found
Refreshing native plugins compatible for Editor in 0.34 ms, found 3 plugins.
Preloading 1 native plugins for Editor in 0.07 ms.
NullReferenceException: Object reference not set to an instance of an object
  at Unity.XR.Oculus.OculusLoader.AssetPathToAbsolutePath (System.String assetPath) [0x00048] in C:\Unity_Save\VR_Study\Library\PackageCache\com.unity.xr.oculus@1.9.0\Runtime\OculusLoader.cs:249 
  at Unity.XR.Oculus.OculusLoader.EditorLoadOVRPlugin () [0x0007b] in C:\Unity_Save\VR_Study\Library\PackageCache\com.unity.xr.oculus@1.9.0\Runtime\OculusLoader.cs:234 

(Filename: Library/PackageCache/com.unity.xr.oculus@1.9.0/Runtime/OculusLoader.cs Line: 249)

Mono: successfully reloaded assembly
- Completed reload, in  0.603 seconds
Platform modules already initialized, skipping
Switching build target platform(5) subTarget(0) extendedPlatform(0) -> platform(13) subTarget(524288) extendedPlatform(0)
Refreshing native plugins compatible for Editor in 0.35 ms, found 3 plugins.
Preloading 1 native plugins for Editor in 0.06 ms.
Unloading 1646 Unused Serialized files (Serialized files now loaded: 0)
System memory in use before: 83.5 MB.
System memory in use after: 83.6 MB.

Unloading 6 unused Assets to reduce memory usage. Loaded Objects now: 2137.
Total: 1.603200 ms (FindLiveObjects: 0.141500 ms CreateObjectMapping: 0.039800 ms MarkObjects: 1.382300 ms  DeleteObjects: 0.038500 ms)

AssetImportParameters requested are different than current active one (requested -> active):
  custom:graphics/normal-map-encoding: 01000000000000000000000000000000 -> 02000000000000000000000000000000
========================================================================
Received Prepare
Refreshing native plugins compatible for Editor in 0.72 ms, found 3 plugins.
Preloading 1 native plugins for Editor in 0.06 ms.
Unloading 3 Unused Serialized files (Serialized files now loaded: 0)
System memory in use before: 51.2 MB.
System memory in use after: 51.3 MB.

Unloading 3 unused Assets to reduce memory usage. Loaded Objects now: 2137.
Total: 1.864700 ms (FindLiveObjects: 0.224900 ms CreateObjectMapping: 0.069200 ms MarkObjects: 1.529800 ms  DeleteObjects: 0.039800 ms)

========================================================================
Received Prepare
Refreshing native plugins compatible for Editor in 0.71 ms, found 3 plugins.
Preloading 1 native plugins for Editor in 0.06 ms.
Unloading 3 Unused Serialized files (Serialized files now loaded: 0)
System memory in use before: 51.2 MB.
System memory in use after: 51.3 MB.

Unloading 3 unused Assets to reduce memory usage. Loaded Objects now: 2137.
Total: 1.981800 ms (FindLiveObjects: 0.215300 ms CreateObjectMapping: 0.064500 ms MarkObjects: 1.659700 ms  DeleteObjects: 0.041400 ms)

========================================================================
Received Prepare
Refreshing native plugins compatible for Editor in 0.68 ms, found 3 plugins.
Preloading 1 native plugins for Editor in 0.06 ms.
Unloading 3 Unused Serialized files (Serialized files now loaded: 0)
System memory in use before: 51.2 MB.
System memory in use after: 51.3 MB.

Unloading 3 unused Assets to reduce memory usage. Loaded Objects now: 2137.
Total: 2.212900 ms (FindLiveObjects: 0.214200 ms CreateObjectMapping: 0.065400 ms MarkObjects: 1.895400 ms  DeleteObjects: 0.037100 ms)

AssetImportWorkerClient::OnTransportError - code=2 error=End of file
